<?xml version="1.0" encoding="UTF-8"?>
<!-- Generated by org.testng.reporters.JUnitReportReporter -->
<testsuite hostname="The_DellDellDel" failures="0" tests="3" name="com.testrun.RunnerFile" time="8.403" errors="0" timestamp="2025-11-27T12:28:29 EST" skipped="0">
  <testcase classname="com.testrun.RunnerFile" name="runScenario" time="2.443"/>
  <testcase classname="com.testrun.RunnerFile" name="runScenario" time="3.314"/>
  <testcase classname="com.testrun.RunnerFile" name="runScenario" time="2.646"/>
</testsuite> <!-- com.testrun.RunnerFile -->
